<?xml version="1.0" encoding="UTF-8"?>
<!-- Generated by org.testng.reporters.JUnitReportReporter -->
<testsuite hostname="DESKTOP-AT3IP83" failures="0" tests="1" name="Data_control.Customer" time="0.000" errors="0" timestamp="2023-02-13T12:41:27 IST" skipped="1">
  <testcase classname="Data_control.Customer" name="createcustomer" time="0.000">
    <skipped/>
  </testcase> <!-- createcustomer -->
  <system-out/>
</testsuite> <!-- Data_control.Customer -->
