<?xml version="1.0" encoding="UTF-8"?>
<!-- Generated by org.testng.reporters.JUnitReportReporter -->
<testsuite hostname="DESKTOP-AT3IP83" failures="0" tests="4" name="datadriven.Dataprovider" time="12.187" errors="0" timestamp="2023-02-10T15:34:01 IST" skipped="0">
  <testcase classname="datadriven.Dataprovider" name="loginbothcorrect" time="3.021"/>
  <system-out/>
  <testcase classname="datadriven.Dataprovider" name="loginbothcorrect" time="2.874"/>
  <system-out/>
  <testcase classname="datadriven.Dataprovider" name="loginbothcorrect" time="3.794"/>
  <system-out/>
  <testcase classname="datadriven.Dataprovider" name="loginbothcorrect" time="2.498"/>
  <system-out/>
</testsuite> <!-- datadriven.Dataprovider -->
