<?xml version="1.0" encoding="UTF-8"?>
<!-- Generated by org.testng.reporters.JUnitReportReporter -->
<testsuite hostname="DESKTOP-AT3IP83" failures="0" tests="1" name="pageobject.Testcaseobject" time="7.457" errors="0" timestamp="2023-02-13T12:47:28 IST" skipped="0">
  <testcase classname="pageobject.Testcaseobject" name="login" time="7.457"/>
  <system-out/>
</testsuite> <!-- pageobject.Testcaseobject -->
