<?xml version="1.0" encoding="UTF-8"?>
<!-- Generated by org.testng.reporters.JUnitReportReporter -->
<testsuite hostname="DESKTOP-AT3IP83" failures="0" tests="1" name="pageobject.Updateprofile" time="6.495" errors="0" timestamp="2023-02-10T12:35:39 IST" skipped="0">
  <testcase classname="pageobject.Updateprofile" name="profile" time="6.495"/>
  <system-out/>
</testsuite> <!-- pageobject.Updateprofile -->
