<?xml version="1.0" encoding="UTF-8"?>
<!-- Generated by org.testng.reporters.JUnitReportReporter -->
<testsuite hostname="DESKTOP-AT3IP83" failures="0" tests="1" name="runner.Testrunner" time="9.846" errors="0" timestamp="2023-02-08T13:20:42 IST" skipped="0">
  <testcase classname="runner.Testrunner" name="runScenario" time="9.846"/>
  <system-out/>
</testsuite> <!-- runner.Testrunner -->
